
=== Mon Aug 24 11:49:22 2020

Packages were changed.
Update Mode: updateDependencies

The following packages were updated:
  com.unity.test-framework from version 1.1.14 to 1.1.16

=== Tue Aug 25 14:24:40 2020

Packages were changed.
Update Mode: mergeDefaultDependencies

The following packages were added:
  com.unity.2d.sprite@1.0.0
  com.unity.2d.tilemap@1.0.0
  com.unity.ide.visualstudio@2.0.2
  com.unity.postprocessing@2.3.0
  com.unity.progrids@3.0.3-preview.4
The following packages were updated:
  com.unity.ide.rider from version 1.1.4 to 1.2.1
  com.unity.textmeshpro from version 2.0.1 to 3.0.0-preview.1

=== Tue Nov  3 10:44:49 2020

Packages were changed.
Update Mode: updateDependencies

The following packages were updated:
  com.unity.ide.vscode from version 1.2.1 to 1.2.2
  com.unity.test-framework from version 1.1.16 to 1.1.18

=== Wed Oct 20 10:12:39 2021

Packages were changed.
Update Mode: updateDependencies

The following packages were updated:
  com.unity.collab-proxy from version 1.2.16 to 1.11.2
  com.unity.ide.rider from version 1.2.1 to 2.0.7
  com.unity.ide.visualstudio from version 2.0.2 to 2.0.11
  com.unity.ide.vscode from version 1.2.2 to 1.2.4
  com.unity.render-pipelines.universal from version 7.3.1 to 10.6.0
  com.unity.test-framework from version 1.1.18 to 1.1.29
  com.unity.textmeshpro from version 3.0.0-preview.1 to 3.0.6
  com.unity.timeline from version 1.2.15 to 1.4.8
  com.unity.visualeffectgraph from version 7.3.1 to 10.6.0
The following packages were removed:
  com.unity.xr.oculus.standalone@2.38.4
  com.unity.xr.openvr.standalone@2.0.5

=== Thu Dec  2 12:39:16 2021

Packages were changed.
Update Mode: updateDependencies

The following packages were updated:
  com.unity.visualeffectgraph from version 10.6.0 to 10.7.0

=== Tue Oct 18 10:46:45 2022

Packages were changed.
Update Mode: updateDependencies

The following packages were updated:
  com.unity.ide.visualstudio from version 2.0.11 to 2.0.16
  com.unity.ide.vscode from version 1.2.4 to 1.2.5
  com.unity.postprocessing from version 2.3.0 to 3.2.2
  com.unity.probuilder from version 4.2.3 to 5.0.3
  com.unity.render-pipelines.universal from version 10.7.0 to 12.1.7
  com.unity.visualeffectgraph from version 10.7.0 to 12.1.7
  com.unity.xr.interaction.toolkit from version 1.0.0-pre.6 to 2.0.2
  com.unity.xr.management from version 4.0.7 to 4.2.0
  com.unity.xr.oculus from version 1.10.0 to 3.0.2
